INFO:werkzeug: * Running on http://0.0.0.0:3002/ (Press CTRL+C to quit)
INFO:root:
[jenkins
<^>
{
  "name": "eventhub",
  "display_name": "eventhub",
  "url": "job/hellogo/",
  "build": {
    "full_url": "http://jenkins.yogiman.cn:8080/job/eventhub/job/master/",
    "number": 11,
    "queue_id": 3,
    "timestamp": 1510889226696,
    "phase": "STARTED",
    "url": "job/hellogo/11/",
    "scm": {
      "url": "http://10.1.80.107:10080/yangluo/hellogo.git",
      "branch": "origin/master",
      "commit": "839c10a3697c8ad0ff1938c9eb4d9ea9e038f86a"
    },
    "log": "",
    "artifacts": {}
  }
}
<^>
jenkins]

INFO:root:msg: {'msgtype': 'markdown', 'markdown': {'title': '开始构建 eventhub', 'text': '#### 开始构建 eventhub \n[点击查看详情](http://jenkins.yogiman.cn:8080/job/eventhub/job/master/)'}}
DEBUG:urllib3.connectionpool:Starting new HTTPS connection (1): oapi.dingtalk.com
DEBUG:urllib3.connectionpool:https://oapi.dingtalk.com:443 "POST /robot/send?access_token=49679eab1c1d2c16af000de2f61e2803a9071cb38b92e16b05c8ba18f007ccaa HTTP/1.1" 200 None
INFO:root:resp: {'errcode': 0, 'errmsg': 'ok'}
INFO:root:resp: <Response [200]>
INFO:werkzeug:172.17.0.1 - - [30/Nov/2017 10:36:29] "POST /webhook/jenkins HTTP/1.0" 200 -
